# JRE version: OpenJDK Runtime Environment (21.0.9) (build 21.0.9+-14787801-b1163.94)
# Java VM: OpenJDK 64-Bit Server VM (21.0.9+-14787801-b1163.94, mixed mode, tiered, compressed oops, compressed class ptrs, g1 gc, windows-amd64)
GC Precious Log:
 CardTable entry size: 512
 Card Set container configuration: InlinePtr #cards 5 size 8 Array Of Cards #cards 12 size 40 Howl #buckets 4 coarsen threshold 1843 Howl Bitmap #cards 512 size 80 coarsen threshold 460 Card regions per heap region 1 cards per card region 2048
 CPUs: 32 total, 32 available
 Memory: 32382M
 Large Page Support: Disabled
 NUMA Support: Disabled
 Compressed Oops: Enabled (32-bit)
 Heap Region Size: 1M
 Heap Min Capacity: 8M
 Heap Initial Capacity: 506M
 Heap Max Capacity: 2G
 Pre-touch: Disabled
 Parallel Workers: 23
 Concurrent Workers: 6
 Concurrent Refinement Workers: 23
 Periodic GC: Disabled
Heap:
 garbage-first heap   total 350208K, used 284958K [0x0000000080000000, 0x0000000100000000)
  region size 1024K, 115 young (117760K), 16 survivors (16384K)
 Metaspace       used 189544K, committed 191232K, reserved 1245184K
  class space    used 25911K, committed 26688K, reserved 1048576K
GC Heap History (20 events):
Event: 3738.660 GC heap before
{Heap before GC invocations=32 (full 0):
 garbage-first heap   total 315392K, used 283211K [0x0000000080000000, 0x0000000100000000)
  region size 1024K, 155 young (158720K), 8 survivors (8192K)
 Metaspace       used 133777K, committed 136064K, reserved 1179648K
  class space    used 18333K, committed 19456K, reserved 1048576K
}
Event: 3738.670 GC heap after
{Heap after GC invocations=33 (full 0):
 garbage-first heap   total 315392K, used 134752K [0x0000000080000000, 0x0000000100000000)
  region size 1024K, 9 young (9216K), 9 survivors (9216K)
 Metaspace       used 133777K, committed 136064K, reserved 1179648K
  class space    used 18333K, committed 19456K, reserved 1048576K
}
Event: 8784.908 GC heap before
{Heap before GC invocations=34 (full 0):
 garbage-first heap   total 315392K, used 306784K [0x0000000080000000, 0x0000000100000000)
  region size 1024K, 160 young (163840K), 9 survivors (9216K)
 Metaspace       used 132285K, committed 136128K, reserved 1179648K
  class space    used 17884K, committed 19456K, reserved 1048576K
}
Event: 8784.913 GC heap after
{Heap after GC invocations=35 (full 0):
 garbage-first heap   total 326656K, used 162259K [0x0000000080000000, 0x0000000100000000)
  region size 1024K, 17 young (17408K), 17 survivors (17408K)
 Metaspace       used 132285K, committed 136128K, reserved 1179648K
  class space    used 17884K, committed 19456K, reserved 1048576K
}
Event: 8785.842 GC heap before
{Heap before GC invocations=35 (full 0):
 garbage-first heap   total 326656K, used 300499K [0x0000000080000000, 0x0000000100000000)
  region size 1024K, 152 young (155648K), 17 survivors (17408K)
 Metaspace       used 138326K, committed 140096K, reserved 1179648K
  class space    used 18671K, committed 19584K, reserved 1048576K
}
Event: 8785.849 GC heap after
{Heap after GC invocations=36 (full 0):
 garbage-first heap   total 330752K, used 164861K [0x0000000080000000, 0x0000000100000000)
  region size 1024K, 19 young (19456K), 19 survivors (19456K)
 Metaspace       used 138326K, committed 140096K, reserved 1179648K
  class space    used 18671K, committed 19584K, reserved 1048576K
}
Event: 8786.060 GC heap before
{Heap before GC invocations=36 (full 0):
 garbage-first heap   total 330752K, used 237565K [0x0000000080000000, 0x0000000100000000)
  region size 1024K, 91 young (93184K), 19 survivors (19456K)
 Metaspace       used 144029K, committed 145664K, reserved 1179648K
  class space    used 19370K, committed 20160K, reserved 1048576K
}
Event: 8786.065 GC heap after
{Heap after GC invocations=37 (full 0):
 garbage-first heap   total 330752K, used 167909K [0x0000000080000000, 0x0000000100000000)
  region size 1024K, 13 young (13312K), 13 survivors (13312K)
 Metaspace       used 144029K, committed 145664K, reserved 1179648K
  class space    used 19370K, committed 20160K, reserved 1048576K
}
Event: 8786.477 GC heap before
{Heap before GC invocations=38 (full 0):
 garbage-first heap   total 330752K, used 309221K [0x0000000080000000, 0x0000000100000000)
  region size 1024K, 147 young (150528K), 13 survivors (13312K)
 Metaspace       used 152540K, committed 154304K, reserved 1245184K
  class space    used 20593K, committed 21440K, reserved 1048576K
}
Event: 8786.482 GC heap after
{Heap after GC invocations=39 (full 0):
 garbage-first heap   total 330752K, used 174911K [0x0000000080000000, 0x0000000100000000)
  region size 1024K, 10 young (10240K), 10 survivors (10240K)
 Metaspace       used 152540K, committed 154304K, reserved 1245184K
  class space    used 20593K, committed 21440K, reserved 1048576K
}
Event: 8787.183 GC heap before
{Heap before GC invocations=39 (full 0):
 garbage-first heap   total 330752K, used 314175K [0x0000000080000000, 0x0000000100000000)
  region size 1024K, 140 young (143360K), 10 survivors (10240K)
 Metaspace       used 163655K, committed 165504K, reserved 1245184K
  class space    used 22071K, committed 22976K, reserved 1048576K
}
Event: 8787.191 GC heap after
{Heap after GC invocations=40 (full 0):
 garbage-first heap   total 346112K, used 163477K [0x0000000080000000, 0x0000000100000000)
  region size 1024K, 16 young (16384K), 16 survivors (16384K)
 Metaspace       used 163655K, committed 165504K, reserved 1245184K
  class space    used 22071K, committed 22976K, reserved 1048576K
}
Event: 8792.311 GC heap before
{Heap before GC invocations=40 (full 0):
 garbage-first heap   total 346112K, used 318101K [0x0000000080000000, 0x0000000100000000)
  region size 1024K, 160 young (163840K), 16 survivors (16384K)
 Metaspace       used 165265K, committed 167104K, reserved 1245184K
  class space    used 22287K, committed 23232K, reserved 1048576K
}
Event: 8792.318 GC heap after
{Heap after GC invocations=41 (full 0):
 garbage-first heap   total 350208K, used 182370K [0x0000000080000000, 0x0000000100000000)
  region size 1024K, 20 young (20480K), 20 survivors (20480K)
 Metaspace       used 165265K, committed 167104K, reserved 1245184K
  class space    used 22287K, committed 23232K, reserved 1048576K
}
Event: 8792.754 GC heap before
{Heap before GC invocations=41 (full 0):
 garbage-first heap   total 350208K, used 235618K [0x0000000080000000, 0x0000000100000000)
  region size 1024K, 74 young (75776K), 20 survivors (20480K)
 Metaspace       used 172481K, committed 174336K, reserved 1245184K
  class space    used 23600K, committed 24512K, reserved 1048576K
}
Event: 8792.759 GC heap after
{Heap after GC invocations=42 (full 0):
 garbage-first heap   total 350208K, used 178141K [0x0000000080000000, 0x0000000100000000)
  region size 1024K, 5 young (5120K), 5 survivors (5120K)
 Metaspace       used 172481K, committed 174336K, reserved 1245184K
  class space    used 23600K, committed 24512K, reserved 1048576K
}
Event: 8794.253 GC heap before
{Heap before GC invocations=43 (full 0):
 garbage-first heap   total 350208K, used 313309K [0x0000000080000000, 0x0000000100000000)
  region size 1024K, 136 young (139264K), 5 survivors (5120K)
 Metaspace       used 184299K, committed 185920K, reserved 1245184K
  class space    used 25267K, committed 26048K, reserved 1048576K
}
Event: 8794.257 GC heap after
{Heap after GC invocations=44 (full 0):
 garbage-first heap   total 350208K, used 180140K [0x0000000080000000, 0x0000000100000000)
  region size 1024K, 7 young (7168K), 7 survivors (7168K)
 Metaspace       used 184299K, committed 185920K, reserved 1245184K
  class space    used 25267K, committed 26048K, reserved 1048576K
}
Event: 8794.897 GC heap before
{Heap before GC invocations=44 (full 0):
 garbage-first heap   total 350208K, used 315308K [0x0000000080000000, 0x0000000100000000)
  region size 1024K, 140 young (143360K), 7 survivors (7168K)
 Metaspace       used 188880K, committed 190592K, reserved 1245184K
  class space    used 25850K, committed 26624K, reserved 1048576K
}
Event: 8794.904 GC heap after
{Heap after GC invocations=45 (full 0):
 garbage-first heap   total 350208K, used 185630K [0x0000000080000000, 0x0000000100000000)
  region size 1024K, 16 young (16384K), 16 survivors (16384K)
 Metaspace       used 188880K, committed 190592K, reserved 1245184K
  class space    used 25850K, committed 26624K, reserved 1048576K
}

